<apis>
    <api>
        <name>test</name>
        <url>https://test.com</url>
        <arguments>
            <argument>
                <key>query</key>
                <value>default</value>
            </argument>
            <argument>
                <key>language</key>
                <value>en_US</value>
            </argument>
            <argument>
                <key>api_key</key>
                <value>1234</value>
            </argument>
        </arguments>
    </api>
</apis>